4
{"id":4,"event":"status_changed","status":"confirmed"}
{"id":4,"event":"status_changed","status":"confirmed"}
{"id":4,"event":"status_changed","status":"confirmed"}
{"id":4,"event":"status_changed","status":"confirmed"}
{"id":4,"event":"status_changed","status":"canceled"}
{"id":4,"event":"status_changed","status":"canceled"}
{"id":4,"event":"status_changed","status":"confirmed"}
{"id":4,"event":"status_changed","status":"canceled"}
{"id":1,"event":"status_changed","status":"pending"}
{"id":1,"event":"status_changed","status":"confirmed"}
{"id":1,"event":"status_changed","status":"confirmed"}
{"id":1,"event":"status_changed","status":"confirmed"}
{"id":1,"event":"status_changed","status":"confirmed"}
{"id":1,"event":"status_changed","status":"confirmed"}
{"id":1,"event":"status_changed","status":"confirmed"}
{"id":5,"event":"created"}
{"id":6,"event":"created"}
{"id":7,"event":"created"}
{"id":6,"event":"status_changed","status":"canceled"}
{"id":8,"event":"created"}
{"id":9,"event":"created"}
{"id":1,"event":"status_changed","status":"confirmed"}
{"id":1,"event":"status_changed","status":"confirmed"}
{"id":9,"event":"status_changed","status":"confirmed"}
{"id":9,"event":"status_changed","status":"confirmed"}
{"id":9,"event":"status_changed","status":"confirmed"}
{"id":9,"event":"status_changed","status":"confirmed"}
{"id":1,"event":"status_changed","status":"confirmed"}
{"id":1,"event":"status_changed","status":"canceled"}
{"id":7,"event":"status_changed","status":"canceled"}
{"id":4,"event":"status_changed","status":"confirmed"}
{"id":10,"event":"created"}
